
[+] Capturing live traffic from 'Wi-Fi 2' for 10 seconds...
[✓] Live traffic captured to: audit_logs/live_capture_20250618_155726.pcapng

[1] TLS Encryption & Cipher Assessment
TLS Versions:
No TLS versions found.

Cipher Suites:
No cipher suites found.

Certificates:
No certificates found.

[3] Firewall Status

Domain Profile Settings: 
----------------------------------------------------------------------
State                                 ON
Firewall Policy                       BlockInbound,AllowOutbound
LocalFirewallRules                    N/A (GPO-store only)
LocalConSecRules                      N/A (GPO-store only)
InboundUserNotification               Enable
RemoteManagement                      Disable
UnicastResponseToMulticast            Enable

Logging:
LogAllowedConnections                 Disable
LogDroppedConnections                 Disable
FileName                              %systemroot%\system32\LogFiles\Firewall\pfirewall.log
MaxFileSize                           4096


Private Profile Settings: 
----------------------------------------------------------------------
State                                 ON
Firewall Policy                       BlockInbound,AllowOutbound
LocalFirewallRules                    N/A (GPO-store only)
LocalConSecRules                      N/A (GPO-store only)
InboundUserNotification               Enable
RemoteManagement                      Disable
UnicastResponseToMulticast            Enable

Logging:
LogAllowedConnections                 Disable
LogDroppedConnections                 Disable
FileName                              %systemroot%\system32\LogFiles\Firewall\pfirewall.log
MaxFileSize                           4096


Public Profile Settings: 
----------------------------------------------------------------------
State                                 ON
Firewall Policy                       BlockInbound,AllowOutbound
LocalFirewallRules                    N/A (GPO-store only)
LocalConSecRules                      N/A (GPO-store only)
InboundUserNotification               Enable
RemoteManagement                      Disable
UnicastResponseToMulticast            Enable

Logging:
LogAllowedConnections                 Disable
LogDroppedConnections                 Disable
FileName                              %systemroot%\system32\LogFiles\Firewall\pfirewall.log
MaxFileSize                           4096

Ok.



[4] Real-Time Traffic Monitor
15:57:40 		 B/s  	 0 Mbps
15:57:43 		 B/s  	 0 Mbps
15:57:45 		 B/s  	 0 Mbps
15:57:48 		 B/s  	 0 Mbps
15:57:50 		 B/s  	 0 Mbps

[5] Recent Logins


[✓] All tasks completed. Log saved at: audit_logs/wifi_audit_20250618_155717.log
