No TLS versions found.
No cipher suites found.
No certificates found.

[!] ERROR:
Test-Path : Cannot bind argument to parameter 'Path' because it is null.
At line:13 char:21
+     if (!(Test-Path $CaptureFile)) { exit }
+                     ~~~~~~~~~~~~
    + CategoryInfo          : InvalidData: (:) [Test-Path], ParameterBindingValidationExceptio 
   n
    + FullyQualifiedErrorId : ParameterArgumentValidationErrorNullNotAllowed,Microsoft.PowerSh 
   ell.Commands.TestPathCommand
 
tshark: "fields" was unexpected in this context.
    ssl.record.version -T fields -e ssl.record.version
                          ^~~~~~
tshark: "fields" was unexpected in this context.
    ssl.handshake.ciphersuite -T fields -e ssl.handshake.ciphersuite
                                 ^~~~~~
tshark: "fields" was unexpected in this context.
    ssl.handshake.certificate -T fields -e x509sat.printableString
                                 ^~~~~~
-CaptureFile : The term '-CaptureFile' is not recognized as the name of a cmdlet, function, 
script file, or operable program. Check the spelling of the name, or if a path was included, 
verify that the path is correct and try again.
At line:39 char:6
+      -CaptureFile "D:\DXSO Works\TShark\capture.pcapng"
+      ~~~~~~~~~~~~
    + CategoryInfo          : ObjectNotFound: (-CaptureFile:String) [], CommandNotFoundExcepti 
   on
    + FullyQualifiedErrorId : CommandNotFoundException
 

No guest devices found.
No external IPs found.

[!] ERROR:
tshark: "fields" was unexpected in this context.
    ip -T fields -e ip.src -e ip.dst
          ^~~~~~
-CaptureFile : The term '-CaptureFile' is not recognized as the name of a cmdlet, function, 
script file, or operable program. Check the spelling of the name, or if a path was included, 
verify that the path is correct and try again.
At line:26 char:6
+      -CaptureFile "D:\DXSO Works\TShark\capture.pcapng" -GuestSubnetP ...
+      ~~~~~~~~~~~~
    + CategoryInfo          : ObjectNotFound: (-CaptureFile:String) [], CommandNotFoundExcepti 
   on
    + FullyQualifiedErrorId : CommandNotFoundException
 

Domain profile: ENABLED
Private profile: ENABLED
Public profile: ENABLED
Firewall is active.

15:05:38	 B/s	0 Mbps
15:05:40	 B/s	0 Mbps
15:05:42	 B/s	0 Mbps
15:05:44	 B/s	0 Mbps
15:05:46	 B/s	0 Mbps

[!] ERROR:
Get-Counter : The \Network Interface(Wi-Fi 2)\Bytes Total/sec performance counter path  is not 
valid.
At line:6 char:20
+         $counter = Get-Counter -Counter $counterPath
+                    ~~~~~~~~~~~~~~~~~~~~~~~~~~~~~~~~~
    + CategoryInfo          : InvalidResult: (:) [Get-Counter], Exception
    + FullyQualifiedErrorId : CounterPathIsInvalid,Microsoft.PowerShell.Commands.GetCounterCom 
   mand
 
Cannot index into a null array.
At line:8 char:9
+         $bps = [math]::Round($counter.CounterSamples[0].CookedValue,  ...
+         ~~~~~~~~~~~~~~~~~~~~~~~~~~~~~~~~~~~~~~~~~~~~~~~~~~~~~~~~~~~~~
    + CategoryInfo          : InvalidOperation: (:) [], RuntimeException
    + FullyQualifiedErrorId : NullArray
 
Get-Counter : The \Network Interface(Wi-Fi 2)\Bytes Total/sec performance counter path  is not 
valid.
At line:6 char:20
+         $counter = Get-Counter -Counter $counterPath
+                    ~~~~~~~~~~~~~~~~~~~~~~~~~~~~~~~~~
    + CategoryInfo          : InvalidResult: (:) [Get-Counter], Exception
    + FullyQualifiedErrorId : CounterPathIsInvalid,Microsoft.PowerShell.Commands.GetCounterCom 
   mand
 
Cannot index into a null array.
At line:8 char:9
+         $bps = [math]::Round($counter.CounterSamples[0].CookedValue,  ...
+         ~~~~~~~~~~~~~~~~~~~~~~~~~~~~~~~~~~~~~~~~~~~~~~~~~~~~~~~~~~~~~
    + CategoryInfo          : InvalidOperation: (:) [], RuntimeException
    + FullyQualifiedErrorId : NullArray
 
Get-Counter : The \Network Interface(Wi-Fi 2)\Bytes Total/sec performance counter path  is not 
valid.
At line:6 char:20
+         $counter = Get-Counter -Counter $counterPath
+                    ~~~~~~~~~~~~~~~~~~~~~~~~~~~~~~~~~
    + CategoryInfo          : InvalidResult: (:) [Get-Counter], Exception
    + FullyQualifiedErrorId : CounterPathIsInvalid,Microsoft.PowerShell.Commands.GetCounterCom 
   mand
 
Cannot index into a null array.
At line:8 char:9
+         $bps = [math]::Round($counter.CounterSamples[0].CookedValue,  ...
+         ~~~~~~~~~~~~~~~~~~~~~~~~~~~~~~~~~~~~~~~~~~~~~~~~~~~~~~~~~~~~~
    + CategoryInfo          : InvalidOperation: (:) [], RuntimeException
    + FullyQualifiedErrorId : NullArray
 
Get-Counter : The \Network Interface(Wi-Fi 2)\Bytes Total/sec performance counter path  is not 
valid.
At line:6 char:20
+         $counter = Get-Counter -Counter $counterPath
+                    ~~~~~~~~~~~~~~~~~~~~~~~~~~~~~~~~~
    + CategoryInfo          : InvalidResult: (:) [Get-Counter], Exception
    + FullyQualifiedErrorId : CounterPathIsInvalid,Microsoft.PowerShell.Commands.GetCounterCom 
   mand
 
Cannot index into a null array.
At line:8 char:9
+         $bps = [math]::Round($counter.CounterSamples[0].CookedValue,  ...
+         ~~~~~~~~~~~~~~~~~~~~~~~~~~~~~~~~~~~~~~~~~~~~~~~~~~~~~~~~~~~~~
    + CategoryInfo          : InvalidOperation: (:) [], RuntimeException
    + FullyQualifiedErrorId : NullArray
 
Get-Counter : The \Network Interface(Wi-Fi 2)\Bytes Total/sec performance counter path  is not 
valid.
At line:6 char:20
+         $counter = Get-Counter -Counter $counterPath
+                    ~~~~~~~~~~~~~~~~~~~~~~~~~~~~~~~~~
    + CategoryInfo          : InvalidResult: (:) [Get-Counter], Exception
    + FullyQualifiedErrorId : CounterPathIsInvalid,Microsoft.PowerShell.Commands.GetCounterCom 
   mand
 
Cannot index into a null array.
At line:8 char:9
+         $bps = [math]::Round($counter.CounterSamples[0].CookedValue,  ...
+         ~~~~~~~~~~~~~~~~~~~~~~~~~~~~~~~~~~~~~~~~~~~~~~~~~~~~~~~~~~~~~
    + CategoryInfo          : InvalidOperation: (:) [], RuntimeException
    + FullyQualifiedErrorId : NullArray
 


LogonId  LogonType AuthenticationPackage StartTime          
-------  --------- --------------------- ---------          
228524           2 CloudAP               17/06/2025 18:04:53
228892           2 CloudAP               17/06/2025 18:04:53
17526718         2 CloudAP               18/06/2025 07:07:21
17527669         2 CloudAP               18/06/2025 07:07:21



