2025-06-20 09:51:02,653 - INFO - === Data Monitoring Session Started ===
2025-06-20 09:51:04,686 - INFO - Bandwidth - Upload: 0.00 KB/s, Download: 0.27 KB/s
2025-06-20 09:51:04,686 - INFO - Encrypted Connections: HTTPS, SSH
2025-06-20 09:51:04,687 - INFO - Unencrypted Connections: HTTP, FTP
2025-06-20 09:51:04,724 - INFO - Cloud Upload in Progress: OneDrive.exe
2025-06-20 09:51:25,537 - INFO - No cross-network transfer detected (simulation).
2025-06-20 09:51:25,538 - INFO - Audit Check Passed - Logging system active.
2025-06-20 10:06:02,561 - INFO - === Data Monitoring Session Started ===
2025-06-20 10:06:02,573 - INFO - Data Flow - Sent: 15983254 bytes, Received: 176675052 bytes
2025-06-20 10:06:02,574 - INFO - Protocol Identification - Protocols Used: HTTP, HTTPS, DNS
2025-06-20 10:06:03,586 - INFO - Data Flow - Sent: 15983254 bytes, Received: 176675289 bytes
2025-06-20 10:06:04,595 - INFO - Data Flow - Sent: 15983254 bytes, Received: 176675409 bytes
2025-06-20 10:06:04,596 - INFO - Bandwidth - Upload: 0.00 KB/s, Download: 0.12 KB/s
2025-06-20 10:06:04,596 - INFO - Encrypted Connections: HTTPS, SSH
2025-06-20 10:06:04,596 - INFO - Unencrypted Connections: HTTP, FTP
2025-06-20 10:06:04,603 - INFO - Data Flow - Sent: 15983254 bytes, Received: 176675409 bytes
2025-06-20 10:06:04,603 - INFO - File Transfer Monitor - Total Usage: 183.73 MB
2025-06-20 10:06:04,603 - INFO - Data Transfer Limits - Upload: 15983254 bytes, Download: 176675409 bytes
2025-06-20 10:06:04,641 - INFO - Unauthorized Transfer - No suspicious apps found.
2025-06-20 10:06:04,649 - INFO - Cloud Upload in Progress: OneDrive.exe
2025-06-20 10:06:12,908 - INFO - DLP - 30 suspicious files found.
2025-06-20 10:06:12,960 - INFO - Cross-Network Transfer - No unusual transfer detected (simulated).
2025-06-20 10:06:12,960 - INFO - Audit Check - Logging system is active and running.
2025-06-20 10:06:13,065 - INFO - Historical Report - Displayed last 10 lines from log.
2025-06-20 14:48:14,644 - INFO - === Data Monitoring Session Started ===
2025-06-20 14:48:14,686 - INFO - Data Flow - Sent: 12233786 bytes, Received: 81063681 bytes
2025-06-20 14:48:14,686 - INFO - Protocol Identification - Protocols Used: HTTP, HTTPS, DNS
2025-06-20 14:48:15,699 - INFO - Data Flow - Sent: 12366622 bytes, Received: 81072121 bytes
2025-06-20 14:48:16,721 - INFO - Data Flow - Sent: 12585574 bytes, Received: 81079490 bytes
2025-06-20 14:48:16,722 - INFO - Bandwidth - Upload: 213.82 KB/s, Download: 7.20 KB/s
2025-06-20 14:48:16,723 - INFO - Encrypted Connections: HTTPS, SSH
2025-06-20 14:48:16,723 - INFO - Unencrypted Connections: HTTP, FTP
2025-06-20 14:48:16,738 - INFO - Data Flow - Sent: 12588224 bytes, Received: 81079710 bytes
2025-06-20 14:48:16,738 - INFO - File Transfer Monitor - Total Usage: 89.33 MB
2025-06-20 14:48:16,738 - INFO - Data Transfer Limits - Upload: 12588224 bytes, Download: 81079710 bytes
2025-06-20 14:48:16,754 - INFO - Unauthorized Transfer - No suspicious apps found.
2025-06-20 14:48:16,759 - INFO - Cloud Upload in Progress: OneDrive.exe
2025-06-20 14:48:30,601 - INFO - DLP - 30 suspicious files found.
2025-06-20 14:48:30,638 - INFO - Cross-Network Transfer - No unusual transfer detected (simulated).
2025-06-20 14:48:30,638 - INFO - Audit Check - Logging system is active and running.
2025-06-20 14:48:30,782 - INFO - Historical Report - Displayed last 10 lines from log.
2025-06-23 10:02:16,495 - INFO - === Data Monitoring Session Started ===
2025-06-23 10:02:16,502 - INFO - Data Flow - Sent: 11560814 bytes, Received: 40650831 bytes
2025-06-23 10:02:16,502 - INFO - Protocol Identification - Protocols Used: HTTP, HTTPS, DNS
2025-06-23 10:02:17,514 - INFO - Data Flow - Sent: 11560869 bytes, Received: 40650957 bytes
2025-06-23 10:02:18,526 - INFO - Data Flow - Sent: 11560869 bytes, Received: 40651197 bytes
2025-06-23 10:02:18,527 - INFO - Bandwidth - Upload: 0.00 KB/s, Download: 0.23 KB/s
2025-06-23 10:02:18,527 - INFO - Encrypted Connections: HTTPS, SSH
2025-06-23 10:02:18,527 - INFO - Unencrypted Connections: HTTP, FTP
2025-06-23 10:02:18,538 - INFO - Data Flow - Sent: 11560869 bytes, Received: 40651197 bytes
2025-06-23 10:02:18,538 - INFO - File Transfer Monitor - Total Usage: 49.79 MB
2025-06-23 10:02:18,538 - INFO - Data Transfer Limits - Upload: 11560869 bytes, Download: 40651197 bytes
2025-06-23 10:02:19,049 - INFO - Unauthorized Transfer - No suspicious apps found.
2025-06-23 10:02:19,057 - INFO - Cloud Upload in Progress: OneDrive.exe
2025-06-23 10:02:35,530 - INFO - DLP - 38 suspicious files found.
2025-06-23 10:02:35,568 - INFO - Cross-Network Transfer - No unusual transfer detected (simulated).
2025-06-23 10:02:35,568 - INFO - Audit Check - Logging system is active and running.
2025-06-23 10:02:35,597 - INFO - Historical Report - Displayed last 10 lines from log.
2025-06-23 10:52:05,301 - INFO - === Data Monitoring Session Started ===
2025-06-23 10:52:05,322 - INFO - Data Flow - Sent: 2932056 bytes, Received: 7101735 bytes
2025-06-23 10:52:05,322 - INFO - Protocol Identification - Protocols Used: HTTP, HTTPS, DNS
2025-06-23 10:52:06,332 - INFO - Data Flow - Sent: 2932056 bytes, Received: 7102343 bytes
2025-06-23 10:52:07,344 - INFO - Data Flow - Sent: 2932056 bytes, Received: 7102343 bytes
2025-06-23 10:52:07,344 - INFO - Bandwidth - Upload: 0.00 KB/s, Download: 0.00 KB/s
2025-06-23 10:52:07,344 - INFO - Encrypted Connections: HTTPS, SSH
2025-06-23 10:52:07,344 - INFO - Unencrypted Connections: HTTP, FTP
2025-06-23 10:52:07,354 - INFO - Data Flow - Sent: 2932056 bytes, Received: 7102343 bytes
2025-06-23 10:52:07,356 - INFO - File Transfer Monitor - Total Usage: 9.57 MB
2025-06-23 10:52:07,356 - INFO - Data Transfer Limits - Upload: 2932056 bytes, Download: 7102343 bytes
2025-06-23 10:52:07,682 - INFO - Unauthorized Transfer - No suspicious apps found.
2025-06-23 10:52:07,686 - INFO - Cloud Upload in Progress: OneDrive.exe
2025-06-23 10:52:23,244 - INFO - DLP - 38 suspicious files found.
2025-06-23 10:52:23,300 - INFO - Cross-Network Transfer - No unusual transfer detected (simulated).
2025-06-23 10:52:23,300 - INFO - Audit Check - Logging system is active and running.
2025-06-23 10:52:23,322 - INFO - Historical Report - Displayed last 10 lines from log.
